<?xml version="1.0" encoding="UTF-8"?>
<!-- Generated by org.testng.reporters.JUnitXMLReporter -->
<testsuite hostname="DESKTOP-7IJ20C2" ignored="0" name="Test" tests="6" failures="0" timestamp="22 Feb 2018 13:39:52 GMT" time="0.078" errors="0">
  <testcase name="test5" time="0.014" classname="demox.demoxy.C"/>
  <testcase name="test6" time="0.008" classname="demox.demoxy.C"/>
  <testcase name="test1" time="0.002" classname="demox.demoxy.A"/>
  <testcase name="test2" time="0.002" classname="demox.demoxy.A"/>
  <testcase name="test2" time="0.002" classname="demox.demoxy.B"/>
  <testcase name="test3" time="0.001" classname="demox.demoxy.B"/>
</testsuite> <!-- Test -->
