<?xml version="1.0" encoding="UTF-8"?>
<testng-results skipped="0" failed="0" ignored="0" total="6" passed="6">
  <reporter-output>
  </reporter-output>
  <suite name="Suite" duration-ms="78" started-at="2018-02-22T13:39:52Z" finished-at="2018-02-22T13:39:52Z">
    <groups>
    </groups>
    <test name="Test" duration-ms="78" started-at="2018-02-22T13:39:52Z" finished-at="2018-02-22T13:39:52Z">
      <class name="demox.demoxy.B">
        <test-method status="PASS" signature="test2()[pri:0, instance:demox.demoxy.B@396a51ab]" name="test2" duration-ms="2" started-at="2018-02-22T19:09:52Z" finished-at="2018-02-22T19:09:52Z">
          <reporter-output>
          </reporter-output>
        </test-method> <!-- test2 -->
        <test-method status="PASS" signature="test3()[pri:0, instance:demox.demoxy.B@396a51ab]" name="test3" duration-ms="1" started-at="2018-02-22T19:09:52Z" finished-at="2018-02-22T19:09:52Z">
          <reporter-output>
          </reporter-output>
        </test-method> <!-- test3 -->
      </class> <!-- demox.demoxy.B -->
      <class name="demox.demoxy.A">
        <test-method status="PASS" signature="test1()[pri:0, instance:demox.demoxy.A@5034c75a]" name="test1" duration-ms="2" started-at="2018-02-22T19:09:52Z" finished-at="2018-02-22T19:09:52Z">
          <reporter-output>
          </reporter-output>
        </test-method> <!-- test1 -->
        <test-method status="PASS" signature="test2()[pri:0, instance:demox.demoxy.A@5034c75a]" name="test2" duration-ms="2" started-at="2018-02-22T19:09:52Z" finished-at="2018-02-22T19:09:52Z">
          <reporter-output>
          </reporter-output>
        </test-method> <!-- test2 -->
      </class> <!-- demox.demoxy.A -->
      <class name="demox.demoxy.C">
        <test-method status="PASS" signature="test5()[pri:0, instance:demox.demoxy.C@36d4b5c]" name="test5" duration-ms="14" started-at="2018-02-22T19:09:52Z" finished-at="2018-02-22T19:09:52Z">
          <reporter-output>
          </reporter-output>
        </test-method> <!-- test5 -->
        <test-method status="PASS" signature="test6()[pri:0, instance:demox.demoxy.C@36d4b5c]" name="test6" duration-ms="8" started-at="2018-02-22T19:09:52Z" finished-at="2018-02-22T19:09:52Z">
          <reporter-output>
          </reporter-output>
        </test-method> <!-- test6 -->
      </class> <!-- demox.demoxy.C -->
    </test> <!-- Test -->
  </suite> <!-- Suite -->
</testng-results>
